<?xml version="1.0" encoding="UTF-8"?>
<testng-results ignored="0" total="3" passed="2" failed="1" skipped="0">
  <reporter-output>
  </reporter-output>
  <suite started-at="2025-01-23T12:04:41 IST" name="Default suite" finished-at="2025-01-23T12:06:43 IST" duration-ms="121618">
    <groups>
      <group name="regresionTest">
        <method signature="CreateContactTest.CreateContactWithOrg()[pri:0, instance:com.comcast.crm.ExtentReport.CreateContactTest@42a48628]" name="CreateContactWithOrg" class="com.comcast.crm.ExtentReport.CreateContactTest"/>
        <method signature="CreateContactTest.CreateContactWithSupportDate()[pri:0, instance:com.comcast.crm.ExtentReport.CreateContactTest@42a48628]" name="CreateContactWithSupportDate" class="com.comcast.crm.ExtentReport.CreateContactTest"/>
      </group> <!-- regresionTest -->
      <group name="smokeTest">
        <method signature="CreateContactTest.CreateContact()[pri:0, instance:com.comcast.crm.ExtentReport.CreateContactTest@42a48628]" name="CreateContact" class="com.comcast.crm.ExtentReport.CreateContactTest"/>
      </group> <!-- smokeTest -->
    </groups>
    <test started-at="2025-01-23T12:04:41 IST" name="Default test" finished-at="2025-01-23T12:06:43 IST" duration-ms="121618">
      <class name="com.comcast.crm.ExtentReport.CreateContactTest">
        <test-method is-config="true" signature="configBS()[pri:0, instance:com.comcast.crm.ExtentReport.CreateContactTest@42a48628]" started-at="2025-01-23T12:04:41 IST" name="configBS" finished-at="2025-01-23T12:04:41 IST" duration-ms="16" status="PASS">
          <reporter-output>
          </reporter-output>
        </test-method> <!-- configBS -->
        <test-method is-config="true" signature="configBC()[pri:0, instance:com.comcast.crm.ExtentReport.CreateContactTest@42a48628]" started-at="2025-01-23T12:04:41 IST" name="configBC" finished-at="2025-01-23T12:04:49 IST" duration-ms="7664" status="PASS">
          <reporter-output>
          </reporter-output>
        </test-method> <!-- configBC -->
        <test-method is-config="true" signature="configBM()[pri:0, instance:com.comcast.crm.ExtentReport.CreateContactTest@42a48628]" started-at="2025-01-23T12:04:49 IST" name="configBM" finished-at="2025-01-23T12:05:03 IST" duration-ms="13933" status="PASS">
          <reporter-output>
          </reporter-output>
        </test-method> <!-- configBM -->
        <test-method signature="CreateContact()[pri:0, instance:com.comcast.crm.ExtentReport.CreateContactTest@42a48628]" started-at="2025-01-23T12:05:03 IST" name="CreateContact" finished-at="2025-01-23T12:05:03 IST" duration-ms="62" status="FAIL">
          <exception class="java.lang.NullPointerException">
            <message>
              <![CDATA[Cannot invoke "com.aventstack.extentreports.ExtentTest.log(com.aventstack.extentreports.Status, String)" because the return value of "com.comcast.crm.generic.webdriverutility.UtilityClassObject.getTest()" is null]]>
            </message>
            <full-stacktrace>
              <![CDATA[java.lang.NullPointerException: Cannot invoke "com.aventstack.extentreports.ExtentTest.log(com.aventstack.extentreports.Status, String)" because the return value of "com.comcast.crm.generic.webdriverutility.UtilityClassObject.getTest()" is null
at com.comcast.crm.ExtentReport.CreateContactTest.CreateContact(CreateContactTest.java:22)
at java.base/jdk.internal.reflect.DirectMethodHandleAccessor.invoke(DirectMethodHandleAccessor.java:103)
at java.base/java.lang.reflect.Method.invoke(Method.java:580)
at org.testng.internal.MethodInvocationHelper.invokeMethod(MethodInvocationHelper.java:133)
at org.testng.internal.TestInvoker.invokeMethod(TestInvoker.java:598)
at org.testng.internal.TestInvoker.invokeTestMethod(TestInvoker.java:173)
at org.testng.internal.MethodRunner.runInSequence(MethodRunner.java:46)
at org.testng.internal.TestInvoker$MethodInvocationAgent.invoke(TestInvoker.java:824)
at org.testng.internal.TestInvoker.invokeTestMethods(TestInvoker.java:146)
at org.testng.internal.TestMethodWorker.invokeTestMethods(TestMethodWorker.java:146)
at org.testng.internal.TestMethodWorker.run(TestMethodWorker.java:128)
at java.base/java.util.ArrayList.forEach(ArrayList.java:1597)
at org.testng.TestRunner.privateRun(TestRunner.java:794)
at org.testng.TestRunner.run(TestRunner.java:596)
at org.testng.SuiteRunner.runTest(SuiteRunner.java:377)
at org.testng.SuiteRunner.runSequentially(SuiteRunner.java:371)
at org.testng.SuiteRunner.privateRun(SuiteRunner.java:332)
at org.testng.SuiteRunner.run(SuiteRunner.java:276)
at org.testng.SuiteRunnerWorker.runSuite(SuiteRunnerWorker.java:53)
at org.testng.SuiteRunnerWorker.run(SuiteRunnerWorker.java:96)
at org.testng.TestNG.runSuitesSequentially(TestNG.java:1212)
at org.testng.TestNG.runSuitesLocally(TestNG.java:1134)
at org.testng.TestNG.runSuites(TestNG.java:1063)
at org.testng.TestNG.run(TestNG.java:1031)
at org.testng.remote.AbstractRemoteTestNG.run(AbstractRemoteTestNG.java:115)
at org.testng.remote.RemoteTestNG.initAndRun(RemoteTestNG.java:293)
at org.testng.remote.RemoteTestNG.main(RemoteTestNG.java:91)
]]>
            </full-stacktrace>
          </exception> <!-- java.lang.NullPointerException -->
          <reporter-output>
          </reporter-output>
        </test-method> <!-- CreateContact -->
        <test-method is-config="true" signature="configAM()[pri:0, instance:com.comcast.crm.ExtentReport.CreateContactTest@42a48628]" started-at="2025-01-23T12:05:03 IST" name="configAM" finished-at="2025-01-23T12:05:09 IST" duration-ms="6531" status="PASS">
          <reporter-output>
          </reporter-output>
        </test-method> <!-- configAM -->
        <test-method is-config="true" signature="configBM()[pri:0, instance:com.comcast.crm.ExtentReport.CreateContactTest@42a48628]" started-at="2025-01-23T12:05:09 IST" name="configBM" finished-at="2025-01-23T12:05:18 IST" duration-ms="9055" status="PASS">
          <reporter-output>
          </reporter-output>
        </test-method> <!-- configBM -->
        <test-method signature="CreateContactWithOrg()[pri:0, instance:com.comcast.crm.ExtentReport.CreateContactTest@42a48628]" started-at="2025-01-23T12:05:18 IST" name="CreateContactWithOrg" finished-at="2025-01-23T12:05:52 IST" duration-ms="34018" status="PASS">
          <reporter-output>
          </reporter-output>
        </test-method> <!-- CreateContactWithOrg -->
        <test-method is-config="true" signature="configAM()[pri:0, instance:com.comcast.crm.ExtentReport.CreateContactTest@42a48628]" started-at="2025-01-23T12:05:52 IST" name="configAM" finished-at="2025-01-23T12:05:58 IST" duration-ms="6127" status="PASS">
          <reporter-output>
          </reporter-output>
        </test-method> <!-- configAM -->
        <test-method is-config="true" signature="configBM()[pri:0, instance:com.comcast.crm.ExtentReport.CreateContactTest@42a48628]" started-at="2025-01-23T12:05:58 IST" name="configBM" finished-at="2025-01-23T12:06:07 IST" duration-ms="9092" status="PASS">
          <reporter-output>
          </reporter-output>
        </test-method> <!-- configBM -->
        <test-method signature="CreateContactWithSupportDate()[pri:0, instance:com.comcast.crm.ExtentReport.CreateContactTest@42a48628]" started-at="2025-01-23T12:06:07 IST" name="CreateContactWithSupportDate" finished-at="2025-01-23T12:06:36 IST" duration-ms="28386" status="PASS">
          <reporter-output>
          </reporter-output>
        </test-method> <!-- CreateContactWithSupportDate -->
        <test-method is-config="true" signature="configAM()[pri:0, instance:com.comcast.crm.ExtentReport.CreateContactTest@42a48628]" started-at="2025-01-23T12:06:36 IST" name="configAM" finished-at="2025-01-23T12:06:42 IST" duration-ms="6000" status="PASS">
          <reporter-output>
          </reporter-output>
        </test-method> <!-- configAM -->
        <test-method is-config="true" signature="configAC()[pri:0, instance:com.comcast.crm.ExtentReport.CreateContactTest@42a48628]" started-at="2025-01-23T12:06:42 IST" name="configAC" finished-at="2025-01-23T12:06:43 IST" duration-ms="650" status="PASS">
          <reporter-output>
          </reporter-output>
        </test-method> <!-- configAC -->
        <test-method is-config="true" signature="configAS()[pri:0, instance:com.comcast.crm.ExtentReport.CreateContactTest@42a48628]" started-at="2025-01-23T12:06:43 IST" name="configAS" finished-at="2025-01-23T12:06:43 IST" duration-ms="1" status="PASS">
          <reporter-output>
          </reporter-output>
        </test-method> <!-- configAS -->
      </class> <!-- com.comcast.crm.ExtentReport.CreateContactTest -->
    </test> <!-- Default test -->
  </suite> <!-- Default suite -->
</testng-results>
