<?xml version="1.0" encoding="UTF-8"?>
<!-- Generated by org.testng.reporters.JUnitXMLReporter -->
<testsuite ignored="4" hostname="Urmilak" failures="0" tests="2" name="GroupTest" time="79.074" errors="0" timestamp="2025-01-12T20:17:47 IST">
  <testcase classname="com.OrgwithTestng.CreateOrganizationTest" name="createOrgTest" time="19.578"/>
  <testcase classname="com.ContactWithTestng.CreateContactTest" name="CreateContact" time="16.784"/>
  <testcase classname="com.OrgwithTestng.CreateOrganizationTest" name="createOrgWithPhoneNumber" time="0.0">
    <ignored/>
  </testcase> <!-- createOrgWithPhoneNumber -->
  <testcase classname="com.OrgwithTestng.CreateOrganizationTest" name="creatOrgWithInd" time="0.0">
    <ignored/>
  </testcase> <!-- creatOrgWithInd -->
  <testcase classname="com.ContactWithTestng.CreateContactTest" name="CreateContactWithSupportDate" time="0.0">
    <ignored/>
  </testcase> <!-- CreateContactWithSupportDate -->
  <testcase classname="com.ContactWithTestng.CreateContactTest" name="CreateContactWithOrg" time="0.0">
    <ignored/>
  </testcase> <!-- CreateContactWithOrg -->
</testsuite> <!-- GroupTest -->
