<?xml version="1.0" encoding="UTF-8"?>
<!-- Generated by org.testng.reporters.JUnitXMLReporter -->
<testsuite ignored="0" hostname="Urmilak" failures="0" tests="3" name="ParallelExeTest2" time="145.792" errors="0" timestamp="2025-01-12T20:35:56 IST">
  <testcase classname="com.ContactWithTestng.CreateContactTest" name="CreateContact" time="18.876"/>
  <testcase classname="com.ContactWithTestng.CreateContactTest" name="CreateContactWithOrg" time="34.813"/>
  <testcase classname="com.ContactWithTestng.CreateContactTest" name="CreateContactWithSupportDate" time="29.126"/>
</testsuite> <!-- ParallelExeTest2 -->
