<?xml version="1.0" encoding="UTF-8"?>
<!-- Generated by org.testng.reporters.JUnitXMLReporter -->
<testsuite ignored="0" hostname="Urmilak" failures="0" tests="3" name="ParallelExeTest1" time="121.356" errors="0" timestamp="2025-01-12T20:35:32 IST">
  <testcase classname="com.OrgwithTestng.CreateOrganizationTest" name="creatOrgWithInd" time="26.55"/>
  <testcase classname="com.OrgwithTestng.CreateOrganizationTest" name="createOrgTest" time="20.274"/>
  <testcase classname="com.OrgwithTestng.CreateOrganizationTest" name="createOrgWithPhoneNumber" time="18.298"/>
</testsuite> <!-- ParallelExeTest1 -->
