<?xml version="1.0" encoding="UTF-8"?>
<!-- Generated by org.testng.reporters.JUnitXMLReporter -->
<testsuite ignored="2" hostname="Urmilak" failures="0" tests="1" name="Test" time="41.347" errors="0" timestamp="2025-01-17T11:12:32 IST">
  <testcase classname="com.comcast.crm.ExtentReport.CreateContactTest" name="CreateContact" time="16.975"/>
  <testcase classname="com.comcast.crm.ExtentReport.CreateContactTest" name="CreateContactWithSupportDate" time="0.0">
    <ignored/>
  </testcase> <!-- CreateContactWithSupportDate -->
  <testcase classname="com.comcast.crm.ExtentReport.CreateContactTest" name="CreateContactWithOrg" time="0.0">
    <ignored/>
  </testcase> <!-- CreateContactWithOrg -->
</testsuite> <!-- Test -->
