<?xml version="1.0" encoding="UTF-8"?>
<!-- Generated by org.testng.reporters.JUnitXMLReporter -->
<testsuite ignored="2" hostname="Urmilak" failures="0" tests="4" name="test01" time="0.162" errors="0" timestamp="2025-01-10T09:58:21 IST">
  <testcase classname="com.crm.comcast.orgTest.CreateOrgTest" name="createOrgTest" time="0.02"/>
  <testcase classname="com.crm.comcast.orgTest.CreateOrgTest" name="createOrgWithIndustries" time="0.007"/>
  <testcase classname="com.pac1.CreateContactTest" name="createContact" time="0.005"/>
  <testcase classname="com.pac1.CreateContactTest" name="createContactWithDate" time="0.003"/>
  <testcase classname="com.crm.generic.baseutility.BaseClass" name="@AfterSuite configAS" time="0.0">
    <ignored/>
  </testcase> <!-- @AfterSuite configAS -->
  <testcase classname="com.crm.generic.baseutility.BaseClass" name="@BeforeSuite configBS" time="0.0">
    <ignored/>
  </testcase> <!-- @BeforeSuite configBS -->
</testsuite> <!-- test01 -->
